{"/Users/silapakaneragonhotmail.co.th/Desktop/Code/Next/github/search-pokemon/graphql/queries.tsx": {"path":"/Users/silapakaneragonhotmail.co.th/Desktop/Code/Next/github/search-pokemon/graphql/queries.tsx","statementMap":{"0":{"start":{"line":3,"column":35},"end":{"line":28,"column":2}},"1":{"start":{"line":31,"column":23},"end":{"line":38,"column":1}}},"fnMap":{},"branchMap":{},"s":{"0":1,"1":1},"f":{},"b":{},"_coverageSchema":"1a1c01bbd47fc00a2c39e90264f33305004495a9","hash":"57bc57ed6a9d31204070088342657a24f7aaea83"}
,"/Users/silapakaneragonhotmail.co.th/Desktop/Code/Next/github/search-pokemon/test/PokemonTest.tsx": {"path":"/Users/silapakaneragonhotmail.co.th/Desktop/Code/Next/github/search-pokemon/test/PokemonTest.tsx","statementMap":{"0":{"start":{"line":9,"column":37},"end":{"line":24,"column":1}},"1":{"start":{"line":11,"column":35},"end":{"line":11,"column":97}},"2":{"start":{"line":12,"column":2},"end":{"line":12,"column":33}},"3":{"start":{"line":14,"column":2},"end":{"line":14,"column":73}},"4":{"start":{"line":14,"column":15},"end":{"line":14,"column":73}},"5":{"start":{"line":15,"column":2},"end":{"line":15,"column":52}},"6":{"start":{"line":15,"column":13},"end":{"line":15,"column":52}},"7":{"start":{"line":17,"column":2},"end":{"line":23,"column":4}}},"fnMap":{"0":{"name":"(anonymous_0)","decl":{"start":{"line":9,"column":37},"end":{"line":9,"column":38}},"loc":{"start":{"line":9,"column":50},"end":{"line":24,"column":1}},"line":9}},"branchMap":{"0":{"loc":{"start":{"line":14,"column":2},"end":{"line":14,"column":73}},"type":"if","locations":[{"start":{"line":14,"column":2},"end":{"line":14,"column":73}},{"start":{},"end":{}}],"line":14},"1":{"loc":{"start":{"line":15,"column":2},"end":{"line":15,"column":52}},"type":"if","locations":[{"start":{"line":15,"column":2},"end":{"line":15,"column":52}},{"start":{},"end":{}}],"line":15},"2":{"loc":{"start":{"line":20,"column":20},"end":{"line":20,"column":104}},"type":"cond-expr","locations":[{"start":{"line":20,"column":72},"end":{"line":20,"column":92}},{"start":{"line":20,"column":95},"end":{"line":20,"column":104}}],"line":20},"3":{"loc":{"start":{"line":20,"column":20},"end":{"line":20,"column":69}},"type":"binary-expr","locations":[{"start":{"line":20,"column":20},"end":{"line":20,"column":37}},{"start":{"line":20,"column":41},"end":{"line":20,"column":69}}],"line":20}},"s":{"0":1,"1":6,"2":6,"3":6,"4":3,"5":3,"6":0,"7":3},"f":{"0":6},"b":{"0":[3,3],"1":[0,3],"2":[3,0],"3":[3,3]},"_coverageSchema":"1a1c01bbd47fc00a2c39e90264f33305004495a9","hash":"76e27fc2722a2b6898598599b0d7b07f2e7c2b52"}
}
